<?xml version="1.0" encoding="UTF-8"?>
<testng-results ignored="0" total="2" passed="2" failed="0" skipped="0">
  <reporter-output>
  </reporter-output>
  <suite started-at="2022-12-09T05:00:17 PST" name="Default suite" finished-at="2022-12-09T05:00:54 PST" duration-ms="36643">
    <groups>
    </groups>
    <test started-at="2022-12-09T05:00:17 PST" name="Default test" finished-at="2022-12-09T05:00:54 PST" duration-ms="36643">
      <class name="NewTest">
        <test-method is-config="true" signature="Setup()[pri:0, instance:NewTest@409bf450]" started-at="2022-12-09T05:00:17 PST" name="Setup" finished-at="2022-12-09T05:00:17 PST" duration-ms="15" status="PASS">
          <reporter-output>
          </reporter-output>
        </test-method> <!-- Setup -->
        <test-method signature="Test1()[pri:0, instance:NewTest@409bf450]" started-at="2022-12-09T05:00:17 PST" name="Test1" finished-at="2022-12-09T05:00:33 PST" duration-ms="16001" status="PASS">
          <reporter-output>
          </reporter-output>
        </test-method> <!-- Test1 -->
        <test-method signature="Test2()[pri:0, instance:NewTest@409bf450]" started-at="2022-12-09T05:00:33 PST" name="Test2" finished-at="2022-12-09T05:00:54 PST" duration-ms="20584" status="PASS">
          <reporter-output>
          </reporter-output>
        </test-method> <!-- Test2 -->
        <test-method is-config="true" signature="AfterTest()[pri:0, instance:NewTest@409bf450]" started-at="2022-12-09T05:00:54 PST" name="AfterTest" finished-at="2022-12-09T05:00:54 PST" duration-ms="0" status="PASS">
          <reporter-output>
          </reporter-output>
        </test-method> <!-- AfterTest -->
      </class> <!-- NewTest -->
    </test> <!-- Default test -->
  </suite> <!-- Default suite -->
</testng-results>
