<?xml version="1.0" encoding="UTF-8"?>
<testng-results ignored="0" total="2" passed="2" failed="0" skipped="0">
  <reporter-output>
  </reporter-output>
  <suite started-at="2022-12-12T01:07:05 PST" name="Suite" finished-at="2022-12-12T01:07:53 PST" duration-ms="48368">
    <groups>
    </groups>
    <test started-at="2022-12-12T01:07:05 PST" name="Test" finished-at="2022-12-12T01:07:53 PST" duration-ms="48368">
      <class name="ParallelTest">
        <test-method is-config="true" signature="Setup()[pri:0, instance:ParallelTest@59662a0b]" started-at="2022-12-12T01:07:05 PST" name="Setup" finished-at="2022-12-12T01:07:05 PST" duration-ms="12" status="PASS">
          <reporter-output>
          </reporter-output>
        </test-method> <!-- Setup -->
        <test-method signature="Test1()[pri:0, instance:ParallelTest@59662a0b]" started-at="2022-12-12T01:07:05 PST" name="Test1" finished-at="2022-12-12T01:07:53 PST" duration-ms="48316" status="PASS">
          <reporter-output>
          </reporter-output>
        </test-method> <!-- Test1 -->
        <test-method signature="Test2()[pri:0, instance:ParallelTest@59662a0b]" started-at="2022-12-12T01:07:05 PST" name="Test2" finished-at="2022-12-12T01:07:26 PST" duration-ms="21534" status="PASS">
          <reporter-output>
          </reporter-output>
        </test-method> <!-- Test2 -->
        <test-method is-config="true" signature="AfterTest()[pri:0, instance:ParallelTest@59662a0b]" started-at="2022-12-12T01:07:53 PST" name="AfterTest" finished-at="2022-12-12T01:07:53 PST" duration-ms="0" status="PASS">
          <reporter-output>
          </reporter-output>
        </test-method> <!-- AfterTest -->
      </class> <!-- ParallelTest -->
    </test> <!-- Test -->
  </suite> <!-- Suite -->
</testng-results>
